\BOOKMARK [1][-]{section.1}{1 Overview}{}
\BOOKMARK [2][-]{subsection.1.1}{1.1 Introduction}{section.1}
\BOOKMARK [1][-]{section.2}{2 Installation}{}
\BOOKMARK [2][-]{subsection.2.1}{2.1 Using the binaries}{section.2}
\BOOKMARK [2][-]{subsection.2.2}{2.2 Using the source code}{section.2}
\BOOKMARK [1][-]{section.3}{3 Invoking Fiona}{}
\BOOKMARK [2][-]{subsection.3.1}{3.1 Options}{section.3}
\BOOKMARK [2][-]{subsection.3.2}{3.2 Examples}{section.3}
\BOOKMARK [1][-]{section.4}{4 Input Formats}{}
\BOOKMARK [2][-]{subsection.4.1}{4.1 oWFN File Format}{section.4}
\BOOKMARK [3][-]{subsubsection.4.1.1}{4.1.1 Structure of the oWFN file format}{subsection.4.1}
\BOOKMARK [3][-]{subsubsection.4.1.2}{4.1.2 Places}{subsection.4.1}
\BOOKMARK [3][-]{subsubsection.4.1.3}{4.1.3 Transitions}{subsection.4.1}
\BOOKMARK [3][-]{subsubsection.4.1.4}{4.1.4 Initial Marking}{subsection.4.1}
\BOOKMARK [3][-]{subsubsection.4.1.5}{4.1.5 Final Markings}{subsection.4.1}
\BOOKMARK [2][-]{subsection.4.2}{4.2 File Format OG}{section.4}
\BOOKMARK [1][-]{section.5}{5 Checking Controllability}{}
\BOOKMARK [2][-]{subsection.5.1}{5.1 Interaction Graph}{section.5}
\BOOKMARK [2][-]{subsection.5.2}{5.2 Operating Guidelines}{section.5}
\BOOKMARK [1][-]{section.6}{6 Operating Guidelines}{}
\BOOKMARK [1][-]{section.7}{7 Matching}{}
\BOOKMARK [1][-]{section.8}{8 Partner Synthesis}{}
\BOOKMARK [1][-]{section.9}{9 Other Modes}{}
\BOOKMARK [1][-]{section.10}{10 Limitations and Bugs}{}
\BOOKMARK [2][-]{subsection.10.1}{10.1 Limitations}{section.10}
\BOOKMARK [2][-]{subsection.10.2}{10.2 Known Bugs}{section.10}
\BOOKMARK [2][-]{subsection.10.3}{10.3 Reporting Bugs}{section.10}
