This is pdfeTeX, Version 3.141592-1.30.6-2.2 (MiKTeX 2.5) (preloaded format=latex 2007.9.10)  29 FEB 2008 15:03
entering extended mode
**guideOfFionaNeu.tex
(guideOfFionaNeu.tex
LaTeX2e <2005/12/01>
Babel <v3.8g> and hyphenation patterns for english, dumylang, nohyphenation, ge
rman, ngerman, french, loaded.
(C:\Programme\TeX+Co\MiKTeX2.5\tex\latex\base\article.cls
Document Class: article 2005/09/16 v1.4f Standard LaTeX document class
(C:\Programme\TeX+Co\MiKTeX2.5\tex\latex\base\size11.clo
File: size11.clo 2005/09/16 v1.4f Standard LaTeX file (size option)
)
\c@part=\count79
\c@section=\count80
\c@subsection=\count81
\c@subsubsection=\count82
\c@paragraph=\count83
\c@subparagraph=\count84
\c@figure=\count85
\c@table=\count86
\abovecaptionskip=\skip41
\belowcaptionskip=\skip42
\bibindent=\dimen102
)
(C:\Programme\TeX+Co\MiKTeX2.5\tex\latex\ltxmisc\url.sty
\Urlmuskip=\muskip10
Package: url 2005/06/27  ver 3.2  Verb mode for urls, etc.
)
(C:\Programme\TeX+Co\MiKTeX2.5\tex\latex\amsmath\amsmath.sty
Package: amsmath 2000/07/18 v2.13 AMS math features
\@mathmargin=\skip43

For additional information on amsmath, use the `?' option.
(C:\Programme\TeX+Co\MiKTeX2.5\tex\latex\amsmath\amstext.sty
Package: amstext 2000/06/29 v2.01

(C:\Programme\TeX+Co\MiKTeX2.5\tex\latex\amsmath\amsgen.sty
File: amsgen.sty 1999/11/30 v2.0
\@emptytoks=\toks14
\ex@=\dimen103
))
(C:\Programme\TeX+Co\MiKTeX2.5\tex\latex\amsmath\amsbsy.sty
Package: amsbsy 1999/11/29 v1.2d
\pmbraise@=\dimen104
)
(C:\Programme\TeX+Co\MiKTeX2.5\tex\latex\amsmath\amsopn.sty
Package: amsopn 1999/12/14 v2.01 operator names
)
\inf@bad=\count87
LaTeX Info: Redefining \frac on input line 211.
\uproot@=\count88
\leftroot@=\count89
LaTeX Info: Redefining \overline on input line 307.
\classnum@=\count90
\DOTSCASE@=\count91
LaTeX Info: Redefining \ldots on input line 379.
LaTeX Info: Redefining \dots on input line 382.
LaTeX Info: Redefining \cdots on input line 467.
\Mathstrutbox@=\box26
\strutbox@=\box27
\big@size=\dimen105
LaTeX Font Info:    Redeclaring font encoding OML on input line 567.
LaTeX Font Info:    Redeclaring font encoding OMS on input line 568.
\macc@depth=\count92
\c@MaxMatrixCols=\count93
\dotsspace@=\muskip11
\c@parentequation=\count94
\dspbrk@lvl=\count95
\tag@help=\toks15
\row@=\count96
\column@=\count97
\maxfields@=\count98
\andhelp@=\toks16
\eqnshift@=\dimen106
\alignsep@=\dimen107
\tagshift@=\dimen108
\tagwidth@=\dimen109
\totwidth@=\dimen110
\lineht@=\dimen111
\@envbody=\toks17
\multlinegap=\skip44
\multlinetaggap=\skip45
\mathdisplay@stack=\toks18
LaTeX Info: Redefining \[ on input line 2666.
LaTeX Info: Redefining \] on input line 2667.
)
(C:\Programme\TeX+Co\MiKTeX2.5\tex\latex\bbm\bbm.sty
Package: bbm 1999/03/15 V 1.2 provides fonts for set symbols - TH
LaTeX Font Info:    Overwriting math alphabet `\mathbbm' in version `bold'
(Font)                  U/bbm/m/n --> U/bbm/bx/n on input line 33.
LaTeX Font Info:    Overwriting math alphabet `\mathbbmss' in version `bold'
(Font)                  U/bbmss/m/n --> U/bbmss/bx/n on input line 35.
)
(C:\Programme\TeX+Co\MiKTeX2.5\tex\latex\base\inputenc.sty
Package: inputenc 2006/05/05 v1.1b Input encoding file
\inpenc@prehook=\toks19
\inpenc@posthook=\toks20

(C:\Programme\TeX+Co\MiKTeX2.5\tex\latex\base\latin1.def
File: latin1.def 2006/05/05 v1.1b Input encoding file
))
(C:\Programme\TeX+Co\MiKTeX2.5\tex\generic\babel\babel.sty
Package: babel 2005/05/21 v3.8g The Babel package

*************************************
* Local config file bblopts.cfg used
*
(C:\Programme\TeX+Co\MiKTeX2.5\tex\latex\00miktex\bblopts.cfg
File: bblopts.cfg 2006/07/31 v1.0 MiKTeX 'babel' configuration
)
(C:\Programme\TeX+Co\MiKTeX2.5\tex\generic\babel\ngermanb.ldf
Language: ngermanb 2004/02/20 v2.6m new German support from the babel system

(C:\Programme\TeX+Co\MiKTeX2.5\tex\generic\babel\babel.def
File: babel.def 2005/05/21 v3.8g Babel common definitions
\babel@savecnt=\count99
\U@D=\dimen112
)
\l@naustrian = a dialect from \language\l@ngerman 
Package babel Info: Making " an active character on input line 92.
)
(C:\Programme\TeX+Co\MiKTeX2.5\tex\generic\babel\english.ldf
Language: english 2005/03/30 v3.3o English support from the babel system
\l@british = a dialect from \language\l@english 
\l@UKenglish = a dialect from \language\l@english 
\l@canadian = a dialect from \language\l@american 
\l@australian = a dialect from \language\l@british 
\l@newzealand = a dialect from \language\l@british 
))
(C:\Programme\TeX+Co\MiKTeX2.5\tex\latex\graphics\graphicx.sty
Package: graphicx 1999/02/16 v1.0f Enhanced LaTeX Graphics (DPC,SPQR)

(C:\Programme\TeX+Co\MiKTeX2.5\tex\latex\graphics\keyval.sty
Package: keyval 1999/03/16 v1.13 key=value parser (DPC)
\KV@toks@=\toks21
)
(C:\Programme\TeX+Co\MiKTeX2.5\tex\latex\graphics\graphics.sty
Package: graphics 2006/02/20 v1.0o Standard LaTeX Graphics (DPC,SPQR)

(C:\Programme\TeX+Co\MiKTeX2.5\tex\latex\graphics\trig.sty
Package: trig 1999/03/16 v1.09 sin cos tan (DPC)
)
(C:\Programme\TeX+Co\MiKTeX2.5\tex\latex\00miktex\graphics.cfg
File: graphics.cfg 2005/12/29 v1.2 MiKTeX 'graphics' configuration
)
Package graphics Info: Driver file: dvips.def on input line 90.

(C:\Programme\TeX+Co\MiKTeX2.5\tex\latex\graphics\dvips.def
File: dvips.def 1999/02/16 v3.0i Driver-dependant file (DPC,SPQR)
))
\Gin@req@height=\dimen113
\Gin@req@width=\dimen114
)
(C:\Programme\TeX+Co\MiKTeX2.5\tex\latex\subfigure\subfigure.sty
Package: subfigure 2002/07/30 v2.1.4 subfigure package
\subfigtopskip=\skip46
\subfigcapskip=\skip47
\subfigcaptopadj=\dimen115
\subfigbottomskip=\skip48
\subfigcapmargin=\dimen116
\subfiglabelskip=\skip49
\c@subfigure=\count100
\c@lofdepth=\count101
\c@subtable=\count102
\c@lotdepth=\count103

****************************************
* Local config file subfigure.cfg used *
****************************************
(C:\Programme\TeX+Co\MiKTeX2.5\tex\latex\subfigure\subfigure.cfg)
\subfig@top=\skip50
\subfig@bottom=\skip51
)
(C:\Programme\TeX+Co\MiKTeX2.5\tex\latex\sidecap\sidecap.sty
Package: sidecap 2003/06/06 v1.6f SideCap Package (RN/HjG)

(C:\Programme\TeX+Co\MiKTeX2.5\tex\latex\base\ifthen.sty
Package: ifthen 2001/05/26 v1.1c Standard LaTeX ifthen package (DPC)
)
\SC@BOXWD=\dimen117
\SC@CAPWD=\dimen118
\SC@tempdima=\dimen119
\SC@tempdimb=\dimen120
\c@SC@C=\count104
\SC@BOX=\box28
)
(C:\Programme\TeX+Co\MiKTeX2.5\tex\latex\tools\xspace.sty
Package: xspace 2006/05/08 v1.12 Space after command names (DPC,MH)
)
(C:\Programme\TeX+Co\MiKTeX2.5\tex\latex\sectsty\sectsty.sty
Package: sectsty 2002/02/25 v2.0.2 Commands to change all sectional heading sty
les
)
(C:\Programme\TeX+Co\MiKTeX2.5\tex\latex\moreverb\moreverb.sty
Package: moreverb 1997/12/07 v2.2d.2 `more' verbatim facilities

(C:\Programme\TeX+Co\MiKTeX2.5\tex\latex\tools\verbatim.sty
Package: verbatim 2003/08/22 v1.5q LaTeX2e package for verbatim enhancements
\every@verbatim=\toks22
\verbatim@line=\toks23
\verbatim@in@stream=\read1
)
\verbatim@out=\write3
\tab@position=\count105
\tab@size=\count106
\listing@line=\count107
)
(C:\Programme\TeX+Co\MiKTeX2.5\tex\latex\tools\longtable.sty
Package: longtable 2004/02/01 v4.11 Multi-page Table package (DPC)
\LTleft=\skip52
\LTright=\skip53
\LTpre=\skip54
\LTpost=\skip55
\LTchunksize=\count108
\LTcapwidth=\dimen121
\LT@head=\box29
\LT@firsthead=\box30
\LT@foot=\box31
\LT@lastfoot=\box32
\LT@cols=\count109
\LT@rows=\count110
\c@LT@tables=\count111
\c@LT@chunks=\count112
\LT@p@ftn=\toks24
)
(C:\Programme\TeX+Co\MiKTeX2.5\tex\latex\hyperref\hyperref.sty
Package: hyperref 2006/09/06 v6.75e Hypertext links for LaTeX
\@linkdim=\dimen122
\Hy@linkcounter=\count113
\Hy@pagecounter=\count114

(C:\Programme\TeX+Co\MiKTeX2.5\tex\latex\hyperref\pd1enc.def
File: pd1enc.def 2006/09/06 v6.75e Hyperref: PDFDocEncoding definition (HO)
)
(C:\Programme\TeX+Co\MiKTeX2.5\tex\latex\00miktex\hyperref.cfg
File: hyperref.cfg 2006/02/14 v1.1 MiKTeX 'hyperref' configuration
)
(C:\Programme\TeX+Co\MiKTeX2.5\tex\latex\oberdiek\kvoptions.sty
Package: kvoptions 2006/08/22 v2.4 Connects package keyval with LaTeX options (
HO)
)
Package hyperref Info: Option `bookmarks' set `true' on input line 2073.
Package hyperref Info: Option `bookmarksnumbered' set `true' on input line 2073
.
Package hyperref Info: Hyper figures OFF on input line 2123.
Package hyperref Info: Link nesting OFF on input line 2128.
Package hyperref Info: Hyper index ON on input line 2131.
Package hyperref Info: Plain pages OFF on input line 2138.
Package hyperref Info: Backreferencing OFF on input line 2143.

Implicit mode ON; LaTeX internals redefined
Package hyperref Info: Bookmarks ON on input line 2273.
LaTeX Info: Redefining \url on input line 2428.
\Fld@menulength=\count115
\Field@Width=\dimen123
\Fld@charsize=\dimen124
\Choice@toks=\toks25
\Field@toks=\toks26
Package hyperref Info: Hyper figures OFF on input line 2906.
Package hyperref Info: Link nesting OFF on input line 2911.
Package hyperref Info: Hyper index ON on input line 2914.
Package hyperref Info: backreferencing OFF on input line 2921.
Package hyperref Info: Link coloring OFF on input line 2926.
\Hy@abspage=\count116
\c@Item=\count117
\c@Hfootnote=\count118
)
*hyperref using driver hpdftex*
(C:\Programme\TeX+Co\MiKTeX2.5\tex\latex\hyperref\hpdftex.def
File: hpdftex.def 2006/09/06 v6.75e Hyperref driver for pdfTeX
\Fld@listcount=\count119
)
(guideOfFionaNeu.aux)
LaTeX Font Info:    Checking defaults for OML/cmm/m/it on input line 44.
LaTeX Font Info:    ... okay on input line 44.
LaTeX Font Info:    Checking defaults for T1/cmr/m/n on input line 44.
LaTeX Font Info:    ... okay on input line 44.
LaTeX Font Info:    Checking defaults for OT1/cmr/m/n on input line 44.
LaTeX Font Info:    ... okay on input line 44.
LaTeX Font Info:    Checking defaults for OMS/cmsy/m/n on input line 44.
LaTeX Font Info:    ... okay on input line 44.
LaTeX Font Info:    Checking defaults for OMX/cmex/m/n on input line 44.
LaTeX Font Info:    ... okay on input line 44.
LaTeX Font Info:    Checking defaults for U/cmr/m/n on input line 44.
LaTeX Font Info:    ... okay on input line 44.
LaTeX Font Info:    Checking defaults for PD1/pdf/m/n on input line 44.
LaTeX Font Info:    ... okay on input line 44.
 (C:\Programme\TeX+Co\MiKTeX2.5\tex\latex\ms\ragged2e.sty
Package: ragged2e 2003/03/25 v2.04 ragged2e Package (MS)

(C:\Programme\TeX+Co\MiKTeX2.5\tex\latex\ms\everysel.sty
Package: everysel 1999/06/08 v1.03 EverySelectfont Package (MS)
LaTeX Info: Redefining \selectfont on input line 125.
)
\CenteringLeftskip=\skip56
\RaggedLeftLeftskip=\skip57
\RaggedRightLeftskip=\skip58
\CenteringRightskip=\skip59
\RaggedLeftRightskip=\skip60
\RaggedRightRightskip=\skip61
\CenteringParfillskip=\skip62
\RaggedLeftParfillskip=\skip63
\RaggedRightParfillskip=\skip64
\JustifyingParfillskip=\skip65
\CenteringParindent=\skip66
\RaggedLeftParindent=\skip67
\RaggedRightParindent=\skip68
\JustifyingParindent=\skip69
)
Package hyperref Info: Link coloring OFF on input line 44.

(C:\Programme\TeX+Co\MiKTeX2.5\tex\latex\hyperref\nameref.sty
Package: nameref 2006/08/15 v2.26 Cross-referencing by name of section

(C:\Programme\TeX+Co\MiKTeX2.5\tex\latex\oberdiek\refcount.sty
Package: refcount 2006/02/20 v3.0 Data extraction from references (HO)
)
\c@section@level=\count120
)
LaTeX Info: Redefining \ref on input line 44.
LaTeX Info: Redefining \pageref on input line 44.

(guideOfFionaNeu.out) (guideOfFionaNeu.out)
\@outlinefile=\write4
LaTeX Font Info:    Try loading font information for OMS+cmss on input line 66.

LaTeX Font Info:    No file OMScmss.fd. on input line 66.


LaTeX Font Warning: Font shape `OMS/cmss/m/n' undefined
(Font)              using `OMS/cmsy/m/n' instead on input line 66.


LaTeX Font Warning: Font shape `OT1/cmss/m/it' in size <8> not available
(Font)              Font shape `OT1/cmss/m/sl' tried instead on input line 73.


Underfull \hbox (badness 10000) in paragraph at lines 66--76

 []

[1

{psfonts.map}] (guideOfFionaNeu.toc)
\tf@toc=\write5
 [2]
LaTeX Font Info:    Try loading font information for OMS+cmr on input line 91.

(C:\Programme\TeX+Co\MiKTeX2.5\tex\latex\base\omscmr.fd
File: omscmr.fd 1999/05/25 v2.5h Standard LaTeX font definitions
)
LaTeX Font Info:    Font shape `OMS/cmr/m/n' in size <10.95> not available
(Font)              Font shape `OMS/cmsy/m/n' tried instead on input line 91.
 [3]
Overfull \hbox (22.92532pt too wide) in paragraph at lines 121--122
[][][]$\OT1/cmtt/m/n/10.95 http : / / www2 . informatik . hu-[]berlin . de / to
p / tools4bpel / fiona /
 []

[4]

LaTeX Font Warning: Font shape `OT1/cmss/m/it' in size <14.4> not available
(Font)              Font shape `OT1/cmss/m/sl' tried instead on input line 150.


[5] (parts\modusoperandi.tex
Underfull \vbox (badness 10000) detected at line 32
 []

) [6]
Overfull \hbox (1.35112pt too wide) in alignment at lines 271--285
 [] [] 
 []


Underfull \vbox (badness 10000) detected at line 285
 []


Underfull \vbox (badness 10000) detected at line 337
 []

[7] [8] [9]

LaTeX Font Warning: Font shape `OT1/cmss/m/it' in size <12> not available
(Font)              Font shape `OT1/cmss/m/sl' tried instead on input line 422.



LaTeX Font Warning: Font shape `OT1/cmss/m/it' in size <10.95> not available
(Font)              Font shape `OT1/cmss/m/sl' tried instead on input line 461.


[10]
LaTeX Font Info:    Try loading font information for OMS+cmtt on input line 473
.
LaTeX Font Info:    No file OMScmtt.fd. on input line 473.


LaTeX Font Warning: Font shape `OMS/cmtt/m/n' undefined
(Font)              using `OMS/cmsy/m/n' instead
(Font)              for symbol `textbraceleft' on input line 473.

[11] [12]
Overfull \hbox (43.36354pt too wide) in paragraph at lines 611--616
\OT1/cmr/m/n/10.95 ter-face places) can be achieved with the key-word \OT1/cmtt
/m/n/10.95 ALL[]OTHER[]EXTERNAL[]PLACES[]EMPTY\OT1/cmr/m/n/10.95 . 
 []

[13] [14] [15] [16] [17] [18] [19] (guideOfFionaNeu.aux)

LaTeX Font Warning: Some font shapes were not available, defaults substituted.

 ) 
Here is how much of TeX's memory you used:
 4319 strings out of 95420
 55193 string characters out of 1187262
 121419 words of memory out of 1115391
 7164 multiletter control sequences out of 60000
 14444 words of font info for 51 fonts, out of 1000000 for 2000
 14 hyphenation exceptions out of 8191
 27i,8n,38p,227b,513s stack positions out of 5000i,500n,10000p,200000b,32768s
PDF statistics:
 317 PDF objects out of 300000
 75 named destinations out of 300000
 233 words of extra memory for PDF output out of 10000
<C:/Programme/TeX+Co/MiKTeX2.5/fonts/type1/bluesky/cm/cmssi10.pfb><C:/Program
me/TeX+Co/MiKTeX2.5/fonts/type1/bluesky/cm/cmss10.pfb><C:/Programme/TeX+Co/MiKT
eX2.5/fonts/type1/bluesky/cm/cmssi12.pfb><C:/Programme/TeX+Co/MiKTeX2.5/fonts/t
ype1/bluesky/cm/cmtt10.pfb><C:/Programme/TeX+Co/MiKTeX2.5/fonts/type1/bluesky/c
m/cmsy10.pfb><C:/Programme/TeX+Co/MiKTeX2.5/fonts/type1/bluesky/cm/cmbxti10.pfb
><C:/Programme/TeX+Co/MiKTeX2.5/fonts/type1/bluesky/cm/cmss12.pfb><C:/Programme
/TeX+Co/MiKTeX2.5/fonts/type1/bluesky/cm/cmtt8.pfb><C:/Programme/TeX+Co/MiKTeX2
.5/fonts/type1/bluesky/cm/cmssi8.pfb><C:/Programme/TeX+Co/MiKTeX2.5/fonts/type1
/bluesky/cm/cmsy8.pfb><C:/Programme/TeX+Co/MiKTeX2.5/fonts/type1/bluesky/cm/cms
s8.pfb><C:/Programme/TeX+Co/MiKTeX2.5/fonts/type1/bluesky/cm/cmti10.pfb><C:/Pro
gramme/TeX+Co/MiKTeX2.5/fonts/type1/bluesky/cm/cmr10.pfb><C:/Programme/TeX+Co/M
iKTeX2.5/fonts/type1/bluesky/cm/cmbx10.pfb><C:/Programme/TeX+Co/MiKTeX2.5/fonts
/type1/bluesky/cm/cmtt12.pfb><C:/Programme/TeX+Co/MiKTeX2.5/fonts/type1/bluesky
/cm/cmr12.pfb><C:/Programme/TeX+Co/MiKTeX2.5/fonts/type1/bluesky/cm/cmr17.pfb>
Output written on guideOfFionaNeu.pdf (19 pages, 190218 bytes).
