This file contains any messages produced by compilers while
running configure, to aid debugging if configure makes a mistake.

It was created by lpsolve configure 5.5.0.14, which was
generated by GNU Autoconf 2.63.  Invocation command line was

  $ ./configure 

## --------- ##
## Platform. ##
## --------- ##

hostname = esla
uname -m = i686
uname -r = 2.6.28-15-generic
uname -s = Linux
uname -v = #49-Ubuntu SMP Tue Aug 18 18:40:08 UTC 2009

/usr/bin/uname -p = unknown
/bin/uname -X     = unknown

/bin/arch              = unknown
/usr/bin/arch -k       = unknown
/usr/convex/getsysinfo = unknown
/usr/bin/hostinfo      = unknown
/bin/machine           = unknown
/usr/bin/oslevel       = unknown
/bin/universe          = unknown

PATH: /usr/local/sbin
PATH: /usr/local/bin
PATH: /usr/sbin
PATH: /usr/bin
PATH: /sbin
PATH: /bin
PATH: /usr/games


## ----------- ##
## Core tests. ##
## ----------- ##

configure:1790: checking build system type
configure:1808: result: i686-pc-linux-gnu
configure:1830: checking host system type
configure:1845: result: i686-pc-linux-gnu
configure:1956: checking for gcc
configure:1972: found /usr/bin/gcc
configure:1983: result: gcc
configure:2215: checking for C compiler version
configure:2223: gcc --version >&5
gcc (Ubuntu 4.3.3-5ubuntu4) 4.3.3
Copyright (C) 2008 Free Software Foundation, Inc.
This is free software; see the source for copying conditions.  There is NO
warranty; not even for MERCHANTABILITY or FITNESS FOR A PARTICULAR PURPOSE.

configure:2227: $? = 0
configure:2234: gcc -v >&5
Using built-in specs.
Target: i486-linux-gnu
Configured with: ../src/configure -v --with-pkgversion='Ubuntu 4.3.3-5ubuntu4' --with-bugurl=file:///usr/share/doc/gcc-4.3/README.Bugs --enable-languages=c,c++,fortran,objc,obj-c++ --prefix=/usr --enable-shared --with-system-zlib --libexecdir=/usr/lib --without-included-gettext --enable-threads=posix --enable-nls --with-gxx-include-dir=/usr/include/c++/4.3 --program-suffix=-4.3 --enable-clocale=gnu --enable-libstdcxx-debug --enable-objc-gc --enable-mpfr --enable-targets=all --with-tune=generic --enable-checking=release --build=i486-linux-gnu --host=i486-linux-gnu --target=i486-linux-gnu
Thread model: posix
gcc version 4.3.3 (Ubuntu 4.3.3-5ubuntu4) 
configure:2238: $? = 0
configure:2245: gcc -V >&5
gcc: '-V' option must have argument
configure:2249: $? = 1
configure:2272: checking for C compiler default output file name
configure:2294: gcc    conftest.c  >&5
configure:2298: $? = 0
configure:2336: result: a.out
configure:2355: checking whether the C compiler works
configure:2365: ./a.out
configure:2369: $? = 0
configure:2388: result: yes
configure:2395: checking whether we are cross compiling
configure:2397: result: no
configure:2400: checking for suffix of executables
configure:2407: gcc -o conftest    conftest.c  >&5
configure:2411: $? = 0
configure:2437: result: 
configure:2443: checking for suffix of object files
configure:2469: gcc -c   conftest.c >&5
configure:2473: $? = 0
configure:2498: result: o
configure:2502: checking whether we are using the GNU C compiler
configure:2531: gcc -c   conftest.c >&5
configure:2538: $? = 0
configure:2555: result: yes
configure:2564: checking whether gcc accepts -g
configure:2594: gcc -c -g  conftest.c >&5
configure:2601: $? = 0
configure:2702: result: yes
configure:2719: checking for gcc option to accept ISO C89
configure:2793: gcc  -c -g -O2  conftest.c >&5
configure:2800: $? = 0
configure:2823: result: none needed
configure:2861: checking for a BSD-compatible install
configure:2929: result: /usr/bin/install -c
configure:3080: creating ./config.status

## ---------------------- ##
## Running config.status. ##
## ---------------------- ##

This file was extended by lpsolve config.status 5.5.0.14, which was
generated by GNU Autoconf 2.63.  Invocation command line was

  CONFIG_FILES    = 
  CONFIG_HEADERS  = 
  CONFIG_LINKS    = 
  CONFIG_COMMANDS = 
  $ ./config.status 

on esla

config.status:657: creating Makefile

## ---------------- ##
## Cache variables. ##
## ---------------- ##

ac_cv_build=i686-pc-linux-gnu
ac_cv_c_compiler_gnu=yes
ac_cv_env_CC_set=
ac_cv_env_CC_value=
ac_cv_env_CFLAGS_set=
ac_cv_env_CFLAGS_value=
ac_cv_env_CPPFLAGS_set=
ac_cv_env_CPPFLAGS_value=
ac_cv_env_LDFLAGS_set=
ac_cv_env_LDFLAGS_value=
ac_cv_env_LIBS_set=
ac_cv_env_LIBS_value=
ac_cv_env_build_alias_set=
ac_cv_env_build_alias_value=
ac_cv_env_host_alias_set=
ac_cv_env_host_alias_value=
ac_cv_env_target_alias_set=
ac_cv_env_target_alias_value=
ac_cv_host=i686-pc-linux-gnu
ac_cv_objext=o
ac_cv_path_install='/usr/bin/install -c'
ac_cv_prog_ac_ct_CC=gcc
ac_cv_prog_cc_c89=
ac_cv_prog_cc_g=yes

## ----------------- ##
## Output variables. ##
## ----------------- ##

CC='gcc'
CCSHARED=''
CFLAGS='-g -O2'
CPPFLAGS=''
DEF=''
DEFS='-DPACKAGE_NAME=\"lpsolve\" -DPACKAGE_TARNAME=\"lpsolve\" -DPACKAGE_VERSION=\"5.5.0.14\" -DPACKAGE_STRING=\"lpsolve\ 5.5.0.14\" -DPACKAGE_BUGREPORT=\"\"'
ECHO_C=''
ECHO_N='-n'
ECHO_T=''
EXEEXT=''
INSTALL_DATA='${INSTALL} -m 644'
INSTALL_PROGRAM='${INSTALL}'
INSTALL_SCRIPT='${INSTALL}'
LDFLAGS=''
LIBOBJS=''
LIBS=''
LTLIBOBJS=''
OBJEXT='o'
PACKAGE_BUGREPORT=''
PACKAGE_NAME='lpsolve'
PACKAGE_STRING='lpsolve 5.5.0.14'
PACKAGE_TARNAME='lpsolve'
PACKAGE_VERSION='5.5.0.14'
PATH_SEPARATOR=':'
SHARED_LIB='liblpsolve55.so'
SHELL='/bin/bash'
SO='.so'
ac_ct_CC='gcc'
bindir='${exec_prefix}/bin'
build='i686-pc-linux-gnu'
build_alias=''
build_cpu='i686'
build_os='linux-gnu'
build_vendor='pc'
datadir='${datarootdir}'
datarootdir='${prefix}/share'
docdir='${datarootdir}/doc/${PACKAGE_TARNAME}'
dvidir='${docdir}'
exec_prefix='${prefix}'
host='i686-pc-linux-gnu'
host_alias=''
host_cpu='i686'
host_os='linux-gnu'
host_vendor='pc'
htmldir='${docdir}'
includedir='${prefix}/include'
infodir='${datarootdir}/info'
libdir='${exec_prefix}/lib'
libexecdir='${exec_prefix}/libexec'
localedir='${datarootdir}/locale'
localstatedir='${prefix}/var'
mandir='${datarootdir}/man'
oldincludedir='/usr/include'
pdfdir='${docdir}'
prefix='/usr/local'
program_transform_name='s,x,x,'
psdir='${docdir}'
sbindir='${exec_prefix}/sbin'
sharedstatedir='${prefix}/com'
sysconfdir='${prefix}/etc'
target_alias=''

## ----------- ##
## confdefs.h. ##
## ----------- ##

#define PACKAGE_NAME "lpsolve"
#define PACKAGE_TARNAME "lpsolve"
#define PACKAGE_VERSION "5.5.0.14"
#define PACKAGE_STRING "lpsolve 5.5.0.14"
#define PACKAGE_BUGREPORT ""

configure: exit 0
