digraph g1 {
graph [fontname="Helvetica", label="OG of netze/sequence6.owfn"];
node [fontname="Helvetica" fontsize=10];
edge [fontname="Helvetica" fontsize=10];
p0 [label="# 0\n[p0]\n<(!a+!b+!c+!d+!e+!f)>", fontcolor=black, color=blue];
p0->p1 [label="!a", fontcolor=black, color=blue];
p1 [label="# 1\n[a, p0]\n[p1]\n<(!b+!c+!d+!e+!f)>", fontcolor=black, color=blue];
p1->p2 [label="!b", fontcolor=black, color=blue];
p2 [label="# 2\n[a, b, p0]\n[b, p1]\n[p2]\n<(!c+!d+!e+!f)>", fontcolor=black, color=blue];
p2->p3 [label="!c", fontcolor=black, color=blue];
p3 [label="# 3\n[a, b, c, p0]\n[b, c, p1]\n[c, p2]\n[p3]\n<(!d+!e+!f)>", fontcolor=black, color=blue];
p3->p4 [label="!d", fontcolor=black, color=blue];
p4 [label="# 4\n[a, b, c, d, p0]\n[b, c, d, p1]\n[c, d, p2]\n[d, p3]\n[p4]\n<(!e+!f)>", fontcolor=black, color=blue];
p4->p5 [label="!e", fontcolor=black, color=blue];
p5 [label="# 5\n[a, b, c, d, e, p0]\n[b, c, d, e, p1]\n[c, d, e, p2]\n[d, e, p3]\n[e, p4]\n[p5]\n<(!f)>", fontcolor=black, color=blue];
p5->p6 [label="!f", fontcolor=black, color=blue];
p6 [label="# 6\n[a, b, c, d, e, f, p0]\n[b, c, d, e, f, p1]\n[c, d, e, f, p2]\n[d, e, f, p3]\n[e, f, p4]\n[f, p5]\n[p6]\n<(true)>", fontcolor=black, color=blue];
p4->p7 [label="!f", fontcolor=black, color=blue];
p7 [label="# 7\n[a, b, c, d, f, p0]\n[b, c, d, f, p1]\n[c, d, f, p2]\n[d, f, p3]\n[f, p4]\n<(!e)>", fontcolor=black, color=blue];
p7->p6 [label="!e", fontcolor=black, color=blue];
p3->p8 [label="!e", fontcolor=black, color=blue];
p8 [label="# 8\n[a, b, c, e, p0]\n[b, c, e, p1]\n[c, e, p2]\n[e, p3]\n<(!f+!d)>", fontcolor=black, color=blue];
p8->p5 [label="!d", fontcolor=black, color=blue];
p8->p9 [label="!f", fontcolor=black, color=blue];
p9 [label="# 9\n[a, b, c, e, f, p0]\n[b, c, e, f, p1]\n[c, e, f, p2]\n[e, f, p3]\n<(!d)>", fontcolor=black, color=blue];
p9->p6 [label="!d", fontcolor=black, color=blue];
p3->p10 [label="!f", fontcolor=black, color=blue];
p10 [label="# 10\n[a, b, c, f, p0]\n[b, c, f, p1]\n[c, f, p2]\n[f, p3]\n<(!e+!d)>", fontcolor=black, color=blue];
p10->p7 [label="!d", fontcolor=black, color=blue];
p10->p9 [label="!e", fontcolor=black, color=blue];
p2->p11 [label="!d", fontcolor=black, color=blue];
p11 [label="# 11\n[a, b, d, p0]\n[b, d, p1]\n[d, p2]\n<(!e+!c+!f)>", fontcolor=black, color=blue];
p11->p4 [label="!c", fontcolor=black, color=blue];
p11->p12 [label="!e", fontcolor=black, color=blue];
p12 [label="# 12\n[a, b, d, e, p0]\n[b, d, e, p1]\n[d, e, p2]\n<(!f+!c)>", fontcolor=black, color=blue];
p12->p5 [label="!c", fontcolor=black, color=blue];
p12->p13 [label="!f", fontcolor=black, color=blue];
p13 [label="# 13\n[a, b, d, e, f, p0]\n[b, d, e, f, p1]\n[d, e, f, p2]\n<(!c)>", fontcolor=black, color=blue];
p13->p6 [label="!c", fontcolor=black, color=blue];
p11->p14 [label="!f", fontcolor=black, color=blue];
p14 [label="# 14\n[a, b, d, f, p0]\n[b, d, f, p1]\n[d, f, p2]\n<(!e+!c)>", fontcolor=black, color=blue];
p14->p7 [label="!c", fontcolor=black, color=blue];
p14->p13 [label="!e", fontcolor=black, color=blue];
p2->p15 [label="!e", fontcolor=black, color=blue];
p15 [label="# 15\n[a, b, e, p0]\n[b, e, p1]\n[e, p2]\n<(!d+!c+!f)>", fontcolor=black, color=blue];
p15->p8 [label="!c", fontcolor=black, color=blue];
p15->p12 [label="!d", fontcolor=black, color=blue];
p15->p16 [label="!f", fontcolor=black, color=blue];
p16 [label="# 16\n[a, b, e, f, p0]\n[b, e, f, p1]\n[e, f, p2]\n<(!d+!c)>", fontcolor=black, color=blue];
p16->p9 [label="!c", fontcolor=black, color=blue];
p16->p13 [label="!d", fontcolor=black, color=blue];
p2->p17 [label="!f", fontcolor=black, color=blue];
p17 [label="# 17\n[a, b, f, p0]\n[b, f, p1]\n[f, p2]\n<(!d+!c+!e)>", fontcolor=black, color=blue];
p17->p10 [label="!c", fontcolor=black, color=blue];
p17->p14 [label="!d", fontcolor=black, color=blue];
p17->p16 [label="!e", fontcolor=black, color=blue];
p1->p18 [label="!c", fontcolor=black, color=blue];
p18 [label="# 18\n[a, c, p0]\n[c, p1]\n<(!b+!d+!e+!f)>", fontcolor=black, color=blue];
p18->p3 [label="!b", fontcolor=black, color=blue];
p18->p19 [label="!d", fontcolor=black, color=blue];
p19 [label="# 19\n[a, c, d, p0]\n[c, d, p1]\n<(!e+!b+!f)>", fontcolor=black, color=blue];
p19->p4 [label="!b", fontcolor=black, color=blue];
p19->p20 [label="!e", fontcolor=black, color=blue];
p20 [label="# 20\n[a, c, d, e, p0]\n[c, d, e, p1]\n<(!f+!b)>", fontcolor=black, color=blue];
p20->p5 [label="!b", fontcolor=black, color=blue];
p20->p21 [label="!f", fontcolor=black, color=blue];
p21 [label="# 21\n[a, c, d, e, f, p0]\n[c, d, e, f, p1]\n<(!b)>", fontcolor=black, color=blue];
p21->p6 [label="!b", fontcolor=black, color=blue];
p19->p22 [label="!f", fontcolor=black, color=blue];
p22 [label="# 22\n[a, c, d, f, p0]\n[c, d, f, p1]\n<(!e+!b)>", fontcolor=black, color=blue];
p22->p7 [label="!b", fontcolor=black, color=blue];
p22->p21 [label="!e", fontcolor=black, color=blue];
p18->p23 [label="!e", fontcolor=black, color=blue];
p23 [label="# 23\n[a, c, e, p0]\n[c, e, p1]\n<(!d+!b+!f)>", fontcolor=black, color=blue];
p23->p8 [label="!b", fontcolor=black, color=blue];
p23->p20 [label="!d", fontcolor=black, color=blue];
p23->p24 [label="!f", fontcolor=black, color=blue];
p24 [label="# 24\n[a, c, e, f, p0]\n[c, e, f, p1]\n<(!d+!b)>", fontcolor=black, color=blue];
p24->p9 [label="!b", fontcolor=black, color=blue];
p24->p21 [label="!d", fontcolor=black, color=blue];
p18->p25 [label="!f", fontcolor=black, color=blue];
p25 [label="# 25\n[a, c, f, p0]\n[c, f, p1]\n<(!d+!b+!e)>", fontcolor=black, color=blue];
p25->p10 [label="!b", fontcolor=black, color=blue];
p25->p22 [label="!d", fontcolor=black, color=blue];
p25->p24 [label="!e", fontcolor=black, color=blue];
p1->p26 [label="!d", fontcolor=black, color=blue];
p26 [label="# 26\n[a, d, p0]\n[d, p1]\n<(!c+!b+!e+!f)>", fontcolor=black, color=blue];
p26->p11 [label="!b", fontcolor=black, color=blue];
p26->p19 [label="!c", fontcolor=black, color=blue];
p26->p27 [label="!e", fontcolor=black, color=blue];
p27 [label="# 27\n[a, d, e, p0]\n[d, e, p1]\n<(!c+!b+!f)>", fontcolor=black, color=blue];
p27->p12 [label="!b", fontcolor=black, color=blue];
p27->p20 [label="!c", fontcolor=black, color=blue];
p27->p28 [label="!f", fontcolor=black, color=blue];
p28 [label="# 28\n[a, d, e, f, p0]\n[d, e, f, p1]\n<(!c+!b)>", fontcolor=black, color=blue];
p28->p13 [label="!b", fontcolor=black, color=blue];
p28->p21 [label="!c", fontcolor=black, color=blue];
p26->p29 [label="!f", fontcolor=black, color=blue];
p29 [label="# 29\n[a, d, f, p0]\n[d, f, p1]\n<(!c+!b+!e)>", fontcolor=black, color=blue];
p29->p14 [label="!b", fontcolor=black, color=blue];
p29->p22 [label="!c", fontcolor=black, color=blue];
p29->p28 [label="!e", fontcolor=black, color=blue];
p1->p30 [label="!e", fontcolor=black, color=blue];
p30 [label="# 30\n[a, e, p0]\n[e, p1]\n<(!c+!b+!d+!f)>", fontcolor=black, color=blue];
p30->p15 [label="!b", fontcolor=black, color=blue];
p30->p23 [label="!c", fontcolor=black, color=blue];
p30->p27 [label="!d", fontcolor=black, color=blue];
p30->p31 [label="!f", fontcolor=black, color=blue];
p31 [label="# 31\n[a, e, f, p0]\n[e, f, p1]\n<(!c+!b+!d)>", fontcolor=black, color=blue];
p31->p16 [label="!b", fontcolor=black, color=blue];
p31->p24 [label="!c", fontcolor=black, color=blue];
p31->p28 [label="!d", fontcolor=black, color=blue];
p1->p32 [label="!f", fontcolor=black, color=blue];
p32 [label="# 32\n[a, f, p0]\n[f, p1]\n<(!c+!b+!d+!e)>", fontcolor=black, color=blue];
p32->p17 [label="!b", fontcolor=black, color=blue];
p32->p25 [label="!c", fontcolor=black, color=blue];
p32->p29 [label="!d", fontcolor=black, color=blue];
p32->p31 [label="!e", fontcolor=black, color=blue];
p0->p33 [label="!b", fontcolor=black, color=blue];
p33 [label="# 33\n[b, p0]\n<(!a+!c+!d+!e+!f)>", fontcolor=black, color=blue];
p33->p2 [label="!a", fontcolor=black, color=blue];
p33->p34 [label="!c", fontcolor=black, color=blue];
p34 [label="# 34\n[b, c, p0]\n<(!a+!d+!e+!f)>", fontcolor=black, color=blue];
p34->p3 [label="!a", fontcolor=black, color=blue];
p34->p35 [label="!d", fontcolor=black, color=blue];
p35 [label="# 35\n[b, c, d, p0]\n<(!e+!a+!f)>", fontcolor=black, color=blue];
p35->p4 [label="!a", fontcolor=black, color=blue];
p35->p36 [label="!e", fontcolor=black, color=blue];
p36 [label="# 36\n[b, c, d, e, p0]\n<(!f+!a)>", fontcolor=black, color=blue];
p36->p5 [label="!a", fontcolor=black, color=blue];
p36->p37 [label="!f", fontcolor=black, color=blue];
p37 [label="# 37\n[b, c, d, e, f, p0]\n<(!a)>", fontcolor=black, color=blue];
p37->p6 [label="!a", fontcolor=black, color=blue];
p35->p38 [label="!f", fontcolor=black, color=blue];
p38 [label="# 38\n[b, c, d, f, p0]\n<(!e+!a)>", fontcolor=black, color=blue];
p38->p7 [label="!a", fontcolor=black, color=blue];
p38->p37 [label="!e", fontcolor=black, color=blue];
p34->p39 [label="!e", fontcolor=black, color=blue];
p39 [label="# 39\n[b, c, e, p0]\n<(!d+!a+!f)>", fontcolor=black, color=blue];
p39->p8 [label="!a", fontcolor=black, color=blue];
p39->p36 [label="!d", fontcolor=black, color=blue];
p39->p40 [label="!f", fontcolor=black, color=blue];
p40 [label="# 40\n[b, c, e, f, p0]\n<(!d+!a)>", fontcolor=black, color=blue];
p40->p9 [label="!a", fontcolor=black, color=blue];
p40->p37 [label="!d", fontcolor=black, color=blue];
p34->p41 [label="!f", fontcolor=black, color=blue];
p41 [label="# 41\n[b, c, f, p0]\n<(!d+!a+!e)>", fontcolor=black, color=blue];
p41->p10 [label="!a", fontcolor=black, color=blue];
p41->p38 [label="!d", fontcolor=black, color=blue];
p41->p40 [label="!e", fontcolor=black, color=blue];
p33->p42 [label="!d", fontcolor=black, color=blue];
p42 [label="# 42\n[b, d, p0]\n<(!c+!a+!e+!f)>", fontcolor=black, color=blue];
p42->p11 [label="!a", fontcolor=black, color=blue];
p42->p35 [label="!c", fontcolor=black, color=blue];
p42->p43 [label="!e", fontcolor=black, color=blue];
p43 [label="# 43\n[b, d, e, p0]\n<(!c+!a+!f)>", fontcolor=black, color=blue];
p43->p12 [label="!a", fontcolor=black, color=blue];
p43->p36 [label="!c", fontcolor=black, color=blue];
p43->p44 [label="!f", fontcolor=black, color=blue];
p44 [label="# 44\n[b, d, e, f, p0]\n<(!c+!a)>", fontcolor=black, color=blue];
p44->p13 [label="!a", fontcolor=black, color=blue];
p44->p37 [label="!c", fontcolor=black, color=blue];
p42->p45 [label="!f", fontcolor=black, color=blue];
p45 [label="# 45\n[b, d, f, p0]\n<(!c+!a+!e)>", fontcolor=black, color=blue];
p45->p14 [label="!a", fontcolor=black, color=blue];
p45->p38 [label="!c", fontcolor=black, color=blue];
p45->p44 [label="!e", fontcolor=black, color=blue];
p33->p46 [label="!e", fontcolor=black, color=blue];
p46 [label="# 46\n[b, e, p0]\n<(!c+!a+!d+!f)>", fontcolor=black, color=blue];
p46->p15 [label="!a", fontcolor=black, color=blue];
p46->p39 [label="!c", fontcolor=black, color=blue];
p46->p43 [label="!d", fontcolor=black, color=blue];
p46->p47 [label="!f", fontcolor=black, color=blue];
p47 [label="# 47\n[b, e, f, p0]\n<(!c+!a+!d)>", fontcolor=black, color=blue];
p47->p16 [label="!a", fontcolor=black, color=blue];
p47->p40 [label="!c", fontcolor=black, color=blue];
p47->p44 [label="!d", fontcolor=black, color=blue];
p33->p48 [label="!f", fontcolor=black, color=blue];
p48 [label="# 48\n[b, f, p0]\n<(!c+!a+!d+!e)>", fontcolor=black, color=blue];
p48->p17 [label="!a", fontcolor=black, color=blue];
p48->p41 [label="!c", fontcolor=black, color=blue];
p48->p45 [label="!d", fontcolor=black, color=blue];
p48->p47 [label="!e", fontcolor=black, color=blue];
p0->p49 [label="!c", fontcolor=black, color=blue];
p49 [label="# 49\n[c, p0]\n<(!b+!a+!d+!e+!f)>", fontcolor=black, color=blue];
p49->p18 [label="!a", fontcolor=black, color=blue];
p49->p34 [label="!b", fontcolor=black, color=blue];
p49->p50 [label="!d", fontcolor=black, color=blue];
p50 [label="# 50\n[c, d, p0]\n<(!b+!a+!e+!f)>", fontcolor=black, color=blue];
p50->p19 [label="!a", fontcolor=black, color=blue];
p50->p35 [label="!b", fontcolor=black, color=blue];
p50->p51 [label="!e", fontcolor=black, color=blue];
p51 [label="# 51\n[c, d, e, p0]\n<(!b+!a+!f)>", fontcolor=black, color=blue];
p51->p20 [label="!a", fontcolor=black, color=blue];
p51->p36 [label="!b", fontcolor=black, color=blue];
p51->p52 [label="!f", fontcolor=black, color=blue];
p52 [label="# 52\n[c, d, e, f, p0]\n<(!b+!a)>", fontcolor=black, color=blue];
p52->p21 [label="!a", fontcolor=black, color=blue];
p52->p37 [label="!b", fontcolor=black, color=blue];
p50->p53 [label="!f", fontcolor=black, color=blue];
p53 [label="# 53\n[c, d, f, p0]\n<(!b+!a+!e)>", fontcolor=black, color=blue];
p53->p22 [label="!a", fontcolor=black, color=blue];
p53->p38 [label="!b", fontcolor=black, color=blue];
p53->p52 [label="!e", fontcolor=black, color=blue];
p49->p54 [label="!e", fontcolor=black, color=blue];
p54 [label="# 54\n[c, e, p0]\n<(!b+!a+!d+!f)>", fontcolor=black, color=blue];
p54->p23 [label="!a", fontcolor=black, color=blue];
p54->p39 [label="!b", fontcolor=black, color=blue];
p54->p51 [label="!d", fontcolor=black, color=blue];
p54->p55 [label="!f", fontcolor=black, color=blue];
p55 [label="# 55\n[c, e, f, p0]\n<(!b+!a+!d)>", fontcolor=black, color=blue];
p55->p24 [label="!a", fontcolor=black, color=blue];
p55->p40 [label="!b", fontcolor=black, color=blue];
p55->p52 [label="!d", fontcolor=black, color=blue];
p49->p56 [label="!f", fontcolor=black, color=blue];
p56 [label="# 56\n[c, f, p0]\n<(!b+!a+!d+!e)>", fontcolor=black, color=blue];
p56->p25 [label="!a", fontcolor=black, color=blue];
p56->p41 [label="!b", fontcolor=black, color=blue];
p56->p53 [label="!d", fontcolor=black, color=blue];
p56->p55 [label="!e", fontcolor=black, color=blue];
p0->p57 [label="!d", fontcolor=black, color=blue];
p57 [label="# 57\n[d, p0]\n<(!b+!a+!c+!e+!f)>", fontcolor=black, color=blue];
p57->p26 [label="!a", fontcolor=black, color=blue];
p57->p42 [label="!b", fontcolor=black, color=blue];
p57->p50 [label="!c", fontcolor=black, color=blue];
p57->p58 [label="!e", fontcolor=black, color=blue];
p58 [label="# 58\n[d, e, p0]\n<(!b+!a+!c+!f)>", fontcolor=black, color=blue];
p58->p27 [label="!a", fontcolor=black, color=blue];
p58->p43 [label="!b", fontcolor=black, color=blue];
p58->p51 [label="!c", fontcolor=black, color=blue];
p58->p59 [label="!f", fontcolor=black, color=blue];
p59 [label="# 59\n[d, e, f, p0]\n<(!b+!a+!c)>", fontcolor=black, color=blue];
p59->p28 [label="!a", fontcolor=black, color=blue];
p59->p44 [label="!b", fontcolor=black, color=blue];
p59->p52 [label="!c", fontcolor=black, color=blue];
p57->p60 [label="!f", fontcolor=black, color=blue];
p60 [label="# 60\n[d, f, p0]\n<(!b+!a+!c+!e)>", fontcolor=black, color=blue];
p60->p29 [label="!a", fontcolor=black, color=blue];
p60->p45 [label="!b", fontcolor=black, color=blue];
p60->p53 [label="!c", fontcolor=black, color=blue];
p60->p59 [label="!e", fontcolor=black, color=blue];
p0->p61 [label="!e", fontcolor=black, color=blue];
p61 [label="# 61\n[e, p0]\n<(!b+!a+!c+!d+!f)>", fontcolor=black, color=blue];
p61->p30 [label="!a", fontcolor=black, color=blue];
p61->p46 [label="!b", fontcolor=black, color=blue];
p61->p54 [label="!c", fontcolor=black, color=blue];
p61->p58 [label="!d", fontcolor=black, color=blue];
p61->p62 [label="!f", fontcolor=black, color=blue];
p62 [label="# 62\n[e, f, p0]\n<(!b+!a+!c+!d)>", fontcolor=black, color=blue];
p62->p31 [label="!a", fontcolor=black, color=blue];
p62->p47 [label="!b", fontcolor=black, color=blue];
p62->p55 [label="!c", fontcolor=black, color=blue];
p62->p59 [label="!d", fontcolor=black, color=blue];
p0->p63 [label="!f", fontcolor=black, color=blue];
p63 [label="# 63\n[f, p0]\n<(!b+!a+!c+!d+!e)>", fontcolor=black, color=blue];
p63->p32 [label="!a", fontcolor=black, color=blue];
p63->p48 [label="!b", fontcolor=black, color=blue];
p63->p56 [label="!c", fontcolor=black, color=blue];
p63->p60 [label="!d", fontcolor=black, color=blue];
p63->p62 [label="!e", fontcolor=black, color=blue];
}