digraph g1 {
graph [fontname="Helvetica", label="IG of netze/sequence7.owfn"];
node [fontname="Helvetica" fontsize=10];
edge [fontname="Helvetica" fontsize=10];
p0 [label="# 0\n[p0]\n", fontcolor=black, color=blue];
p0->p1 [label="!a", fontcolor=black, color=blue];
p1 [label="# 1\n[a, p0]\n[p1]\n", fontcolor=black, color=blue];
p1->p2 [label="!b", fontcolor=black, color=blue];
p2 [label="# 2\n[a, b, p0]\n[b, p1]\n[p2]\n", fontcolor=black, color=blue];
p2->p3 [label="!c", fontcolor=black, color=blue];
p3 [label="# 3\n[a, b, c, p0]\n[b, c, p1]\n[c, p2]\n[p3]\n", fontcolor=black, color=blue];
p3->p4 [label="!d", fontcolor=black, color=blue];
p4 [label="# 4\n[a, b, c, d, p0]\n[b, c, d, p1]\n[c, d, p2]\n[d, p3]\n[p4]\n", fontcolor=black, color=blue];
p4->p5 [label="!e", fontcolor=black, color=blue];
p5 [label="# 5\n[a, b, c, d, e, p0]\n[b, c, d, e, p1]\n[c, d, e, p2]\n[d, e, p3]\n[e, p4]\n[p5]\n", fontcolor=black, color=blue];
p5->p6 [label="!f", fontcolor=black, color=blue];
p6 [label="# 6\n[a, b, c, d, e, f, p0]\n[b, c, d, e, f, p1]\n[c, d, e, f, p2]\n[d, e, f, p3]\n[e, f, p4]\n[f, p5]\n[p6]\n", fontcolor=black, color=blue];
p6->p7 [label="!g", fontcolor=black, color=blue];
p7 [label="# 7\n[a, b, c, d, e, f, g, p0]\n[b, c, d, e, f, g, p1]\n[c, d, e, f, g, p2]\n[d, e, f, g, p3]\n[e, f, g, p4]\n[f, g, p5]\n[g, p6]\n[p7]\n", fontcolor=black, color=blue];
}