digraph g1 {
graph [fontname="Helvetica", label="OG of netze/sequence7.owfn"];
node [fontname="Helvetica" fontsize=10];
edge [fontname="Helvetica" fontsize=10];
p0 [label="# 0\n<(!a+!b+!c+!d+!e+!f+!g)>", fontcolor=black, color=blue];
p0->p1 [label="!a", fontcolor=black, color=blue];
p1 [label="# 1\n<(!b+!c+!d+!e+!f+!g)>", fontcolor=black, color=blue];
p1->p2 [label="!b", fontcolor=black, color=blue];
p2 [label="# 2\n<(!c+!d+!e+!f+!g)>", fontcolor=black, color=blue];
p2->p3 [label="!c", fontcolor=black, color=blue];
p3 [label="# 3\n<(!d+!e+!f+!g)>", fontcolor=black, color=blue];
p3->p4 [label="!d", fontcolor=black, color=blue];
p4 [label="# 4\n<(!e+!f+!g)>", fontcolor=black, color=blue];
p4->p5 [label="!e", fontcolor=black, color=blue];
p5 [label="# 5\n<(!f+!g)>", fontcolor=black, color=blue];
p5->p6 [label="!f", fontcolor=black, color=blue];
p6 [label="# 6\n<(!g)>", fontcolor=black, color=blue];
p6->p7 [label="!g", fontcolor=black, color=blue];
p7 [label="# 7\n<(true)>", fontcolor=black, color=blue];
p5->p8 [label="!g", fontcolor=black, color=blue];
p8 [label="# 8\n<(!f)>", fontcolor=black, color=blue];
p8->p7 [label="!f", fontcolor=black, color=blue];
p4->p9 [label="!f", fontcolor=black, color=blue];
p9 [label="# 9\n<(!g+!e)>", fontcolor=black, color=blue];
p9->p6 [label="!e", fontcolor=black, color=blue];
p9->p10 [label="!g", fontcolor=black, color=blue];
p10 [label="# 10\n<(!e)>", fontcolor=black, color=blue];
p10->p7 [label="!e", fontcolor=black, color=blue];
p4->p11 [label="!g", fontcolor=black, color=blue];
p11 [label="# 11\n<(!f+!e)>", fontcolor=black, color=blue];
p11->p8 [label="!e", fontcolor=black, color=blue];
p11->p10 [label="!f", fontcolor=black, color=blue];
p3->p12 [label="!e", fontcolor=black, color=blue];
p12 [label="# 12\n<(!f+!d+!g)>", fontcolor=black, color=blue];
p12->p5 [label="!d", fontcolor=black, color=blue];
p12->p13 [label="!f", fontcolor=black, color=blue];
p13 [label="# 13\n<(!g+!d)>", fontcolor=black, color=blue];
p13->p6 [label="!d", fontcolor=black, color=blue];
p13->p14 [label="!g", fontcolor=black, color=blue];
p14 [label="# 14\n<(!d)>", fontcolor=black, color=blue];
p14->p7 [label="!d", fontcolor=black, color=blue];
p12->p15 [label="!g", fontcolor=black, color=blue];
p15 [label="# 15\n<(!f+!d)>", fontcolor=black, color=blue];
p15->p8 [label="!d", fontcolor=black, color=blue];
p15->p14 [label="!f", fontcolor=black, color=blue];
p3->p16 [label="!f", fontcolor=black, color=blue];
p16 [label="# 16\n<(!e+!d+!g)>", fontcolor=black, color=blue];
p16->p9 [label="!d", fontcolor=black, color=blue];
p16->p13 [label="!e", fontcolor=black, color=blue];
p16->p17 [label="!g", fontcolor=black, color=blue];
p17 [label="# 17\n<(!e+!d)>", fontcolor=black, color=blue];
p17->p10 [label="!d", fontcolor=black, color=blue];
p17->p14 [label="!e", fontcolor=black, color=blue];
p3->p18 [label="!g", fontcolor=black, color=blue];
p18 [label="# 18\n<(!e+!d+!f)>", fontcolor=black, color=blue];
p18->p11 [label="!d", fontcolor=black, color=blue];
p18->p15 [label="!e", fontcolor=black, color=blue];
p18->p17 [label="!f", fontcolor=black, color=blue];
p2->p19 [label="!d", fontcolor=black, color=blue];
p19 [label="# 19\n<(!e+!c+!f+!g)>", fontcolor=black, color=blue];
p19->p4 [label="!c", fontcolor=black, color=blue];
p19->p20 [label="!e", fontcolor=black, color=blue];
p20 [label="# 20\n<(!f+!c+!g)>", fontcolor=black, color=blue];
p20->p5 [label="!c", fontcolor=black, color=blue];
p20->p21 [label="!f", fontcolor=black, color=blue];
p21 [label="# 21\n<(!g+!c)>", fontcolor=black, color=blue];
p21->p6 [label="!c", fontcolor=black, color=blue];
p21->p22 [label="!g", fontcolor=black, color=blue];
p22 [label="# 22\n<(!c)>", fontcolor=black, color=blue];
p22->p7 [label="!c", fontcolor=black, color=blue];
p20->p23 [label="!g", fontcolor=black, color=blue];
p23 [label="# 23\n<(!f+!c)>", fontcolor=black, color=blue];
p23->p8 [label="!c", fontcolor=black, color=blue];
p23->p22 [label="!f", fontcolor=black, color=blue];
p19->p24 [label="!f", fontcolor=black, color=blue];
p24 [label="# 24\n<(!e+!c+!g)>", fontcolor=black, color=blue];
p24->p9 [label="!c", fontcolor=black, color=blue];
p24->p21 [label="!e", fontcolor=black, color=blue];
p24->p25 [label="!g", fontcolor=black, color=blue];
p25 [label="# 25\n<(!e+!c)>", fontcolor=black, color=blue];
p25->p10 [label="!c", fontcolor=black, color=blue];
p25->p22 [label="!e", fontcolor=black, color=blue];
p19->p26 [label="!g", fontcolor=black, color=blue];
p26 [label="# 26\n<(!e+!c+!f)>", fontcolor=black, color=blue];
p26->p11 [label="!c", fontcolor=black, color=blue];
p26->p23 [label="!e", fontcolor=black, color=blue];
p26->p25 [label="!f", fontcolor=black, color=blue];
p2->p27 [label="!e", fontcolor=black, color=blue];
p27 [label="# 27\n<(!d+!c+!f+!g)>", fontcolor=black, color=blue];
p27->p12 [label="!c", fontcolor=black, color=blue];
p27->p20 [label="!d", fontcolor=black, color=blue];
p27->p28 [label="!f", fontcolor=black, color=blue];
p28 [label="# 28\n<(!d+!c+!g)>", fontcolor=black, color=blue];
p28->p13 [label="!c", fontcolor=black, color=blue];
p28->p21 [label="!d", fontcolor=black, color=blue];
p28->p29 [label="!g", fontcolor=black, color=blue];
p29 [label="# 29\n<(!d+!c)>", fontcolor=black, color=blue];
p29->p14 [label="!c", fontcolor=black, color=blue];
p29->p22 [label="!d", fontcolor=black, color=blue];
p27->p30 [label="!g", fontcolor=black, color=blue];
p30 [label="# 30\n<(!d+!c+!f)>", fontcolor=black, color=blue];
p30->p15 [label="!c", fontcolor=black, color=blue];
p30->p23 [label="!d", fontcolor=black, color=blue];
p30->p29 [label="!f", fontcolor=black, color=blue];
p2->p31 [label="!f", fontcolor=black, color=blue];
p31 [label="# 31\n<(!d+!c+!e+!g)>", fontcolor=black, color=blue];
p31->p16 [label="!c", fontcolor=black, color=blue];
p31->p24 [label="!d", fontcolor=black, color=blue];
p31->p28 [label="!e", fontcolor=black, color=blue];
p31->p32 [label="!g", fontcolor=black, color=blue];
p32 [label="# 32\n<(!d+!c+!e)>", fontcolor=black, color=blue];
p32->p17 [label="!c", fontcolor=black, color=blue];
p32->p25 [label="!d", fontcolor=black, color=blue];
p32->p29 [label="!e", fontcolor=black, color=blue];
p2->p33 [label="!g", fontcolor=black, color=blue];
p33 [label="# 33\n<(!d+!c+!e+!f)>", fontcolor=black, color=blue];
p33->p18 [label="!c", fontcolor=black, color=blue];
p33->p26 [label="!d", fontcolor=black, color=blue];
p33->p30 [label="!e", fontcolor=black, color=blue];
p33->p32 [label="!f", fontcolor=black, color=blue];
p1->p34 [label="!c", fontcolor=black, color=blue];
p34 [label="# 34\n<(!b+!d+!e+!f+!g)>", fontcolor=black, color=blue];
p34->p3 [label="!b", fontcolor=black, color=blue];
p34->p35 [label="!d", fontcolor=black, color=blue];
p35 [label="# 35\n<(!e+!b+!f+!g)>", fontcolor=black, color=blue];
p35->p4 [label="!b", fontcolor=black, color=blue];
p35->p36 [label="!e", fontcolor=black, color=blue];
p36 [label="# 36\n<(!f+!b+!g)>", fontcolor=black, color=blue];
p36->p5 [label="!b", fontcolor=black, color=blue];
p36->p37 [label="!f", fontcolor=black, color=blue];
p37 [label="# 37\n<(!g+!b)>", fontcolor=black, color=blue];
p37->p6 [label="!b", fontcolor=black, color=blue];
p37->p38 [label="!g", fontcolor=black, color=blue];
p38 [label="# 38\n<(!b)>", fontcolor=black, color=blue];
p38->p7 [label="!b", fontcolor=black, color=blue];
p36->p39 [label="!g", fontcolor=black, color=blue];
p39 [label="# 39\n<(!f+!b)>", fontcolor=black, color=blue];
p39->p8 [label="!b", fontcolor=black, color=blue];
p39->p38 [label="!f", fontcolor=black, color=blue];
p35->p40 [label="!f", fontcolor=black, color=blue];
p40 [label="# 40\n<(!e+!b+!g)>", fontcolor=black, color=blue];
p40->p9 [label="!b", fontcolor=black, color=blue];
p40->p37 [label="!e", fontcolor=black, color=blue];
p40->p41 [label="!g", fontcolor=black, color=blue];
p41 [label="# 41\n<(!e+!b)>", fontcolor=black, color=blue];
p41->p10 [label="!b", fontcolor=black, color=blue];
p41->p38 [label="!e", fontcolor=black, color=blue];
p35->p42 [label="!g", fontcolor=black, color=blue];
p42 [label="# 42\n<(!e+!b+!f)>", fontcolor=black, color=blue];
p42->p11 [label="!b", fontcolor=black, color=blue];
p42->p39 [label="!e", fontcolor=black, color=blue];
p42->p41 [label="!f", fontcolor=black, color=blue];
p34->p43 [label="!e", fontcolor=black, color=blue];
p43 [label="# 43\n<(!d+!b+!f+!g)>", fontcolor=black, color=blue];
p43->p12 [label="!b", fontcolor=black, color=blue];
p43->p36 [label="!d", fontcolor=black, color=blue];
p43->p44 [label="!f", fontcolor=black, color=blue];
p44 [label="# 44\n<(!d+!b+!g)>", fontcolor=black, color=blue];
p44->p13 [label="!b", fontcolor=black, color=blue];
p44->p37 [label="!d", fontcolor=black, color=blue];
p44->p45 [label="!g", fontcolor=black, color=blue];
p45 [label="# 45\n<(!d+!b)>", fontcolor=black, color=blue];
p45->p14 [label="!b", fontcolor=black, color=blue];
p45->p38 [label="!d", fontcolor=black, color=blue];
p43->p46 [label="!g", fontcolor=black, color=blue];
p46 [label="# 46\n<(!d+!b+!f)>", fontcolor=black, color=blue];
p46->p15 [label="!b", fontcolor=black, color=blue];
p46->p39 [label="!d", fontcolor=black, color=blue];
p46->p45 [label="!f", fontcolor=black, color=blue];
p34->p47 [label="!f", fontcolor=black, color=blue];
p47 [label="# 47\n<(!d+!b+!e+!g)>", fontcolor=black, color=blue];
p47->p16 [label="!b", fontcolor=black, color=blue];
p47->p40 [label="!d", fontcolor=black, color=blue];
p47->p44 [label="!e", fontcolor=black, color=blue];
p47->p48 [label="!g", fontcolor=black, color=blue];
p48 [label="# 48\n<(!d+!b+!e)>", fontcolor=black, color=blue];
p48->p17 [label="!b", fontcolor=black, color=blue];
p48->p41 [label="!d", fontcolor=black, color=blue];
p48->p45 [label="!e", fontcolor=black, color=blue];
p34->p49 [label="!g", fontcolor=black, color=blue];
p49 [label="# 49\n<(!d+!b+!e+!f)>", fontcolor=black, color=blue];
p49->p18 [label="!b", fontcolor=black, color=blue];
p49->p42 [label="!d", fontcolor=black, color=blue];
p49->p46 [label="!e", fontcolor=black, color=blue];
p49->p48 [label="!f", fontcolor=black, color=blue];
p1->p50 [label="!d", fontcolor=black, color=blue];
p50 [label="# 50\n<(!c+!b+!e+!f+!g)>", fontcolor=black, color=blue];
p50->p19 [label="!b", fontcolor=black, color=blue];
p50->p35 [label="!c", fontcolor=black, color=blue];
p50->p51 [label="!e", fontcolor=black, color=blue];
p51 [label="# 51\n<(!c+!b+!f+!g)>", fontcolor=black, color=blue];
p51->p20 [label="!b", fontcolor=black, color=blue];
p51->p36 [label="!c", fontcolor=black, color=blue];
p51->p52 [label="!f", fontcolor=black, color=blue];
p52 [label="# 52\n<(!c+!b+!g)>", fontcolor=black, color=blue];
p52->p21 [label="!b", fontcolor=black, color=blue];
p52->p37 [label="!c", fontcolor=black, color=blue];
p52->p53 [label="!g", fontcolor=black, color=blue];
p53 [label="# 53\n<(!c+!b)>", fontcolor=black, color=blue];
p53->p22 [label="!b", fontcolor=black, color=blue];
p53->p38 [label="!c", fontcolor=black, color=blue];
p51->p54 [label="!g", fontcolor=black, color=blue];
p54 [label="# 54\n<(!c+!b+!f)>", fontcolor=black, color=blue];
p54->p23 [label="!b", fontcolor=black, color=blue];
p54->p39 [label="!c", fontcolor=black, color=blue];
p54->p53 [label="!f", fontcolor=black, color=blue];
p50->p55 [label="!f", fontcolor=black, color=blue];
p55 [label="# 55\n<(!c+!b+!e+!g)>", fontcolor=black, color=blue];
p55->p24 [label="!b", fontcolor=black, color=blue];
p55->p40 [label="!c", fontcolor=black, color=blue];
p55->p52 [label="!e", fontcolor=black, color=blue];
p55->p56 [label="!g", fontcolor=black, color=blue];
p56 [label="# 56\n<(!c+!b+!e)>", fontcolor=black, color=blue];
p56->p25 [label="!b", fontcolor=black, color=blue];
p56->p41 [label="!c", fontcolor=black, color=blue];
p56->p53 [label="!e", fontcolor=black, color=blue];
p50->p57 [label="!g", fontcolor=black, color=blue];
p57 [label="# 57\n<(!c+!b+!e+!f)>", fontcolor=black, color=blue];
p57->p26 [label="!b", fontcolor=black, color=blue];
p57->p42 [label="!c", fontcolor=black, color=blue];
p57->p54 [label="!e", fontcolor=black, color=blue];
p57->p56 [label="!f", fontcolor=black, color=blue];
p1->p58 [label="!e", fontcolor=black, color=blue];
p58 [label="# 58\n<(!c+!b+!d+!f+!g)>", fontcolor=black, color=blue];
p58->p27 [label="!b", fontcolor=black, color=blue];
p58->p43 [label="!c", fontcolor=black, color=blue];
p58->p51 [label="!d", fontcolor=black, color=blue];
p58->p59 [label="!f", fontcolor=black, color=blue];
p59 [label="# 59\n<(!c+!b+!d+!g)>", fontcolor=black, color=blue];
p59->p28 [label="!b", fontcolor=black, color=blue];
p59->p44 [label="!c", fontcolor=black, color=blue];
p59->p52 [label="!d", fontcolor=black, color=blue];
p59->p60 [label="!g", fontcolor=black, color=blue];
p60 [label="# 60\n<(!c+!b+!d)>", fontcolor=black, color=blue];
p60->p29 [label="!b", fontcolor=black, color=blue];
p60->p45 [label="!c", fontcolor=black, color=blue];
p60->p53 [label="!d", fontcolor=black, color=blue];
p58->p61 [label="!g", fontcolor=black, color=blue];
p61 [label="# 61\n<(!c+!b+!d+!f)>", fontcolor=black, color=blue];
p61->p30 [label="!b", fontcolor=black, color=blue];
p61->p46 [label="!c", fontcolor=black, color=blue];
p61->p54 [label="!d", fontcolor=black, color=blue];
p61->p60 [label="!f", fontcolor=black, color=blue];
p1->p62 [label="!f", fontcolor=black, color=blue];
p62 [label="# 62\n<(!c+!b+!d+!e+!g)>", fontcolor=black, color=blue];
p62->p31 [label="!b", fontcolor=black, color=blue];
p62->p47 [label="!c", fontcolor=black, color=blue];
p62->p55 [label="!d", fontcolor=black, color=blue];
p62->p59 [label="!e", fontcolor=black, color=blue];
p62->p63 [label="!g", fontcolor=black, color=blue];
p63 [label="# 63\n<(!c+!b+!d+!e)>", fontcolor=black, color=blue];
p63->p32 [label="!b", fontcolor=black, color=blue];
p63->p48 [label="!c", fontcolor=black, color=blue];
p63->p56 [label="!d", fontcolor=black, color=blue];
p63->p60 [label="!e", fontcolor=black, color=blue];
p1->p64 [label="!g", fontcolor=black, color=blue];
p64 [label="# 64\n<(!c+!b+!d+!e+!f)>", fontcolor=black, color=blue];
p64->p33 [label="!b", fontcolor=black, color=blue];
p64->p49 [label="!c", fontcolor=black, color=blue];
p64->p57 [label="!d", fontcolor=black, color=blue];
p64->p61 [label="!e", fontcolor=black, color=blue];
p64->p63 [label="!f", fontcolor=black, color=blue];
p0->p65 [label="!b", fontcolor=black, color=blue];
p65 [label="# 65\n<(!a+!c+!d+!e+!f+!g)>", fontcolor=black, color=blue];
p65->p2 [label="!a", fontcolor=black, color=blue];
p65->p66 [label="!c", fontcolor=black, color=blue];
p66 [label="# 66\n<(!a+!d+!e+!f+!g)>", fontcolor=black, color=blue];
p66->p3 [label="!a", fontcolor=black, color=blue];
p66->p67 [label="!d", fontcolor=black, color=blue];
p67 [label="# 67\n<(!e+!a+!f+!g)>", fontcolor=black, color=blue];
p67->p4 [label="!a", fontcolor=black, color=blue];
p67->p68 [label="!e", fontcolor=black, color=blue];
p68 [label="# 68\n<(!f+!a+!g)>", fontcolor=black, color=blue];
p68->p5 [label="!a", fontcolor=black, color=blue];
p68->p69 [label="!f", fontcolor=black, color=blue];
p69 [label="# 69\n<(!g+!a)>", fontcolor=black, color=blue];
p69->p6 [label="!a", fontcolor=black, color=blue];
p69->p70 [label="!g", fontcolor=black, color=blue];
p70 [label="# 70\n<(!a)>", fontcolor=black, color=blue];
p70->p7 [label="!a", fontcolor=black, color=blue];
p68->p71 [label="!g", fontcolor=black, color=blue];
p71 [label="# 71\n<(!f+!a)>", fontcolor=black, color=blue];
p71->p8 [label="!a", fontcolor=black, color=blue];
p71->p70 [label="!f", fontcolor=black, color=blue];
p67->p72 [label="!f", fontcolor=black, color=blue];
p72 [label="# 72\n<(!e+!a+!g)>", fontcolor=black, color=blue];
p72->p9 [label="!a", fontcolor=black, color=blue];
p72->p69 [label="!e", fontcolor=black, color=blue];
p72->p73 [label="!g", fontcolor=black, color=blue];
p73 [label="# 73\n<(!e+!a)>", fontcolor=black, color=blue];
p73->p10 [label="!a", fontcolor=black, color=blue];
p73->p70 [label="!e", fontcolor=black, color=blue];
p67->p74 [label="!g", fontcolor=black, color=blue];
p74 [label="# 74\n<(!e+!f+!a)>", fontcolor=black, color=blue];
p74->p11 [label="!a", fontcolor=black, color=blue];
p74->p71 [label="!e", fontcolor=black, color=blue];
p74->p73 [label="!f", fontcolor=black, color=blue];
p66->p75 [label="!e", fontcolor=black, color=blue];
p75 [label="# 75\n<(!d+!a+!f+!g)>", fontcolor=black, color=blue];
p75->p12 [label="!a", fontcolor=black, color=blue];
p75->p68 [label="!d", fontcolor=black, color=blue];
p75->p76 [label="!f", fontcolor=black, color=blue];
p76 [label="# 76\n<(!d+!a+!g)>", fontcolor=black, color=blue];
p76->p13 [label="!a", fontcolor=black, color=blue];
p76->p69 [label="!d", fontcolor=black, color=blue];
p76->p77 [label="!g", fontcolor=black, color=blue];
p77 [label="# 77\n<(!d+!a)>", fontcolor=black, color=blue];
p77->p14 [label="!a", fontcolor=black, color=blue];
p77->p70 [label="!d", fontcolor=black, color=blue];
p75->p78 [label="!g", fontcolor=black, color=blue];
p78 [label="# 78\n<(!d+!a+!f)>", fontcolor=black, color=blue];
p78->p15 [label="!a", fontcolor=black, color=blue];
p78->p71 [label="!d", fontcolor=black, color=blue];
p78->p77 [label="!f", fontcolor=black, color=blue];
p66->p79 [label="!f", fontcolor=black, color=blue];
p79 [label="# 79\n<(!d+!a+!e+!g)>", fontcolor=black, color=blue];
p79->p16 [label="!a", fontcolor=black, color=blue];
p79->p72 [label="!d", fontcolor=black, color=blue];
p79->p76 [label="!e", fontcolor=black, color=blue];
p79->p80 [label="!g", fontcolor=black, color=blue];
p80 [label="# 80\n<(!d+!a+!e)>", fontcolor=black, color=blue];
p80->p17 [label="!a", fontcolor=black, color=blue];
p80->p73 [label="!d", fontcolor=black, color=blue];
p80->p77 [label="!e", fontcolor=black, color=blue];
p66->p81 [label="!g", fontcolor=black, color=blue];
p81 [label="# 81\n<(!d+!a+!e+!f)>", fontcolor=black, color=blue];
p81->p18 [label="!a", fontcolor=black, color=blue];
p81->p74 [label="!d", fontcolor=black, color=blue];
p81->p78 [label="!e", fontcolor=black, color=blue];
p81->p80 [label="!f", fontcolor=black, color=blue];
p65->p82 [label="!d", fontcolor=black, color=blue];
p82 [label="# 82\n<(!c+!a+!e+!f+!g)>", fontcolor=black, color=blue];
p82->p19 [label="!a", fontcolor=black, color=blue];
p82->p67 [label="!c", fontcolor=black, color=blue];
p82->p83 [label="!e", fontcolor=black, color=blue];
p83 [label="# 83\n<(!c+!a+!f+!g)>", fontcolor=black, color=blue];
p83->p20 [label="!a", fontcolor=black, color=blue];
p83->p68 [label="!c", fontcolor=black, color=blue];
p83->p84 [label="!f", fontcolor=black, color=blue];
p84 [label="# 84\n<(!c+!a+!g)>", fontcolor=black, color=blue];
p84->p21 [label="!a", fontcolor=black, color=blue];
p84->p69 [label="!c", fontcolor=black, color=blue];
p84->p85 [label="!g", fontcolor=black, color=blue];
p85 [label="# 85\n<(!c+!a)>", fontcolor=black, color=blue];
p85->p22 [label="!a", fontcolor=black, color=blue];
p85->p70 [label="!c", fontcolor=black, color=blue];
p83->p86 [label="!g", fontcolor=black, color=blue];
p86 [label="# 86\n<(!c+!a+!f)>", fontcolor=black, color=blue];
p86->p23 [label="!a", fontcolor=black, color=blue];
p86->p71 [label="!c", fontcolor=black, color=blue];
p86->p85 [label="!f", fontcolor=black, color=blue];
p82->p87 [label="!f", fontcolor=black, color=blue];
p87 [label="# 87\n<(!c+!a+!e+!g)>", fontcolor=black, color=blue];
p87->p24 [label="!a", fontcolor=black, color=blue];
p87->p72 [label="!c", fontcolor=black, color=blue];
p87->p84 [label="!e", fontcolor=black, color=blue];
p87->p88 [label="!g", fontcolor=black, color=blue];
p88 [label="# 88\n<(!c+!a+!e)>", fontcolor=black, color=blue];
p88->p25 [label="!a", fontcolor=black, color=blue];
p88->p73 [label="!c", fontcolor=black, color=blue];
p88->p85 [label="!e", fontcolor=black, color=blue];
p82->p89 [label="!g", fontcolor=black, color=blue];
p89 [label="# 89\n<(!c+!a+!e+!f)>", fontcolor=black, color=blue];
p89->p26 [label="!a", fontcolor=black, color=blue];
p89->p74 [label="!c", fontcolor=black, color=blue];
p89->p86 [label="!e", fontcolor=black, color=blue];
p89->p88 [label="!f", fontcolor=black, color=blue];
p65->p90 [label="!e", fontcolor=black, color=blue];
p90 [label="# 90\n<(!c+!a+!d+!f+!g)>", fontcolor=black, color=blue];
p90->p27 [label="!a", fontcolor=black, color=blue];
p90->p75 [label="!c", fontcolor=black, color=blue];
p90->p83 [label="!d", fontcolor=black, color=blue];
p90->p91 [label="!f", fontcolor=black, color=blue];
p91 [label="# 91\n<(!c+!a+!d+!g)>", fontcolor=black, color=blue];
p91->p28 [label="!a", fontcolor=black, color=blue];
p91->p76 [label="!c", fontcolor=black, color=blue];
p91->p84 [label="!d", fontcolor=black, color=blue];
p91->p92 [label="!g", fontcolor=black, color=blue];
p92 [label="# 92\n<(!c+!a+!d)>", fontcolor=black, color=blue];
p92->p29 [label="!a", fontcolor=black, color=blue];
p92->p77 [label="!c", fontcolor=black, color=blue];
p92->p85 [label="!d", fontcolor=black, color=blue];
p90->p93 [label="!g", fontcolor=black, color=blue];
p93 [label="# 93\n<(!c+!a+!d+!f)>", fontcolor=black, color=blue];
p93->p30 [label="!a", fontcolor=black, color=blue];
p93->p78 [label="!c", fontcolor=black, color=blue];
p93->p86 [label="!d", fontcolor=black, color=blue];
p93->p92 [label="!f", fontcolor=black, color=blue];
p65->p94 [label="!f", fontcolor=black, color=blue];
p94 [label="# 94\n<(!c+!a+!d+!e+!g)>", fontcolor=black, color=blue];
p94->p31 [label="!a", fontcolor=black, color=blue];
p94->p79 [label="!c", fontcolor=black, color=blue];
p94->p87 [label="!d", fontcolor=black, color=blue];
p94->p91 [label="!e", fontcolor=black, color=blue];
p94->p95 [label="!g", fontcolor=black, color=blue];
p95 [label="# 95\n<(!c+!a+!d+!e)>", fontcolor=black, color=blue];
p95->p32 [label="!a", fontcolor=black, color=blue];
p95->p80 [label="!c", fontcolor=black, color=blue];
p95->p88 [label="!d", fontcolor=black, color=blue];
p95->p92 [label="!e", fontcolor=black, color=blue];
p65->p96 [label="!g", fontcolor=black, color=blue];
p96 [label="# 96\n<(!c+!a+!d+!e+!f)>", fontcolor=black, color=blue];
p96->p33 [label="!a", fontcolor=black, color=blue];
p96->p81 [label="!c", fontcolor=black, color=blue];
p96->p89 [label="!d", fontcolor=black, color=blue];
p96->p93 [label="!e", fontcolor=black, color=blue];
p96->p95 [label="!f", fontcolor=black, color=blue];
p0->p97 [label="!c", fontcolor=black, color=blue];
p97 [label="# 97\n<(!b+!a+!d+!e+!f+!g)>", fontcolor=black, color=blue];
p97->p34 [label="!a", fontcolor=black, color=blue];
p97->p66 [label="!b", fontcolor=black, color=blue];
p97->p98 [label="!d", fontcolor=black, color=blue];
p98 [label="# 98\n<(!b+!a+!e+!f+!g)>", fontcolor=black, color=blue];
p98->p35 [label="!a", fontcolor=black, color=blue];
p98->p67 [label="!b", fontcolor=black, color=blue];
p98->p99 [label="!e", fontcolor=black, color=blue];
p99 [label="# 99\n<(!b+!a+!f+!g)>", fontcolor=black, color=blue];
p99->p36 [label="!a", fontcolor=black, color=blue];
p99->p68 [label="!b", fontcolor=black, color=blue];
p99->p100 [label="!f", fontcolor=black, color=blue];
p100 [label="# 100\n<(!b+!a+!g)>", fontcolor=black, color=blue];
p100->p37 [label="!a", fontcolor=black, color=blue];
p100->p69 [label="!b", fontcolor=black, color=blue];
p100->p101 [label="!g", fontcolor=black, color=blue];
p101 [label="# 101\n<(!b+!a)>", fontcolor=black, color=blue];
p101->p38 [label="!a", fontcolor=black, color=blue];
p101->p70 [label="!b", fontcolor=black, color=blue];
p99->p102 [label="!g", fontcolor=black, color=blue];
p102 [label="# 102\n<(!b+!a+!f)>", fontcolor=black, color=blue];
p102->p39 [label="!a", fontcolor=black, color=blue];
p102->p71 [label="!b", fontcolor=black, color=blue];
p102->p101 [label="!f", fontcolor=black, color=blue];
p98->p103 [label="!f", fontcolor=black, color=blue];
p103 [label="# 103\n<(!b+!a+!e+!g)>", fontcolor=black, color=blue];
p103->p40 [label="!a", fontcolor=black, color=blue];
p103->p72 [label="!b", fontcolor=black, color=blue];
p103->p100 [label="!e", fontcolor=black, color=blue];
p103->p104 [label="!g", fontcolor=black, color=blue];
p104 [label="# 104\n<(!b+!a+!e)>", fontcolor=black, color=blue];
p104->p41 [label="!a", fontcolor=black, color=blue];
p104->p73 [label="!b", fontcolor=black, color=blue];
p104->p101 [label="!e", fontcolor=black, color=blue];
p98->p105 [label="!g", fontcolor=black, color=blue];
p105 [label="# 105\n<(!b+!a+!e+!f)>", fontcolor=black, color=blue];
p105->p42 [label="!a", fontcolor=black, color=blue];
p105->p74 [label="!b", fontcolor=black, color=blue];
p105->p102 [label="!e", fontcolor=black, color=blue];
p105->p104 [label="!f", fontcolor=black, color=blue];
p97->p106 [label="!e", fontcolor=black, color=blue];
p106 [label="# 106\n<(!b+!a+!d+!f+!g)>", fontcolor=black, color=blue];
p106->p43 [label="!a", fontcolor=black, color=blue];
p106->p75 [label="!b", fontcolor=black, color=blue];
p106->p99 [label="!d", fontcolor=black, color=blue];
p106->p107 [label="!f", fontcolor=black, color=blue];
p107 [label="# 107\n<(!b+!a+!d+!g)>", fontcolor=black, color=blue];
p107->p44 [label="!a", fontcolor=black, color=blue];
p107->p76 [label="!b", fontcolor=black, color=blue];
p107->p100 [label="!d", fontcolor=black, color=blue];
p107->p108 [label="!g", fontcolor=black, color=blue];
p108 [label="# 108\n<(!b+!a+!d)>", fontcolor=black, color=blue];
p108->p45 [label="!a", fontcolor=black, color=blue];
p108->p77 [label="!b", fontcolor=black, color=blue];
p108->p101 [label="!d", fontcolor=black, color=blue];
p106->p109 [label="!g", fontcolor=black, color=blue];
p109 [label="# 109\n<(!b+!a+!d+!f)>", fontcolor=black, color=blue];
p109->p46 [label="!a", fontcolor=black, color=blue];
p109->p78 [label="!b", fontcolor=black, color=blue];
p109->p102 [label="!d", fontcolor=black, color=blue];
p109->p108 [label="!f", fontcolor=black, color=blue];
p97->p110 [label="!f", fontcolor=black, color=blue];
p110 [label="# 110\n<(!b+!a+!d+!e+!g)>", fontcolor=black, color=blue];
p110->p47 [label="!a", fontcolor=black, color=blue];
p110->p79 [label="!b", fontcolor=black, color=blue];
p110->p103 [label="!d", fontcolor=black, color=blue];
p110->p107 [label="!e", fontcolor=black, color=blue];
p110->p111 [label="!g", fontcolor=black, color=blue];
p111 [label="# 111\n<(!b+!a+!d+!e)>", fontcolor=black, color=blue];
p111->p48 [label="!a", fontcolor=black, color=blue];
p111->p80 [label="!b", fontcolor=black, color=blue];
p111->p104 [label="!d", fontcolor=black, color=blue];
p111->p108 [label="!e", fontcolor=black, color=blue];
p97->p112 [label="!g", fontcolor=black, color=blue];
p112 [label="# 112\n<(!b+!a+!d+!e+!f)>", fontcolor=black, color=blue];
p112->p49 [label="!a", fontcolor=black, color=blue];
p112->p81 [label="!b", fontcolor=black, color=blue];
p112->p105 [label="!d", fontcolor=black, color=blue];
p112->p109 [label="!e", fontcolor=black, color=blue];
p112->p111 [label="!f", fontcolor=black, color=blue];
p0->p113 [label="!d", fontcolor=black, color=blue];
p113 [label="# 113\n<(!b+!a+!c+!e+!f+!g)>", fontcolor=black, color=blue];
p113->p50 [label="!a", fontcolor=black, color=blue];
p113->p82 [label="!b", fontcolor=black, color=blue];
p113->p98 [label="!c", fontcolor=black, color=blue];
p113->p114 [label="!e", fontcolor=black, color=blue];
p114 [label="# 114\n<(!b+!a+!c+!f+!g)>", fontcolor=black, color=blue];
p114->p51 [label="!a", fontcolor=black, color=blue];
p114->p83 [label="!b", fontcolor=black, color=blue];
p114->p99 [label="!c", fontcolor=black, color=blue];
p114->p115 [label="!f", fontcolor=black, color=blue];
p115 [label="# 115\n<(!b+!a+!c+!g)>", fontcolor=black, color=blue];
p115->p52 [label="!a", fontcolor=black, color=blue];
p115->p84 [label="!b", fontcolor=black, color=blue];
p115->p100 [label="!c", fontcolor=black, color=blue];
p115->p116 [label="!g", fontcolor=black, color=blue];
p116 [label="# 116\n<(!b+!a+!c)>", fontcolor=black, color=blue];
p116->p53 [label="!a", fontcolor=black, color=blue];
p116->p85 [label="!b", fontcolor=black, color=blue];
p116->p101 [label="!c", fontcolor=black, color=blue];
p114->p117 [label="!g", fontcolor=black, color=blue];
p117 [label="# 117\n<(!b+!a+!c+!f)>", fontcolor=black, color=blue];
p117->p54 [label="!a", fontcolor=black, color=blue];
p117->p86 [label="!b", fontcolor=black, color=blue];
p117->p102 [label="!c", fontcolor=black, color=blue];
p117->p116 [label="!f", fontcolor=black, color=blue];
p113->p118 [label="!f", fontcolor=black, color=blue];
p118 [label="# 118\n<(!b+!a+!c+!e+!g)>", fontcolor=black, color=blue];
p118->p55 [label="!a", fontcolor=black, color=blue];
p118->p87 [label="!b", fontcolor=black, color=blue];
p118->p103 [label="!c", fontcolor=black, color=blue];
p118->p115 [label="!e", fontcolor=black, color=blue];
p118->p119 [label="!g", fontcolor=black, color=blue];
p119 [label="# 119\n<(!b+!a+!c+!e)>", fontcolor=black, color=blue];
p119->p56 [label="!a", fontcolor=black, color=blue];
p119->p88 [label="!b", fontcolor=black, color=blue];
p119->p104 [label="!c", fontcolor=black, color=blue];
p119->p116 [label="!e", fontcolor=black, color=blue];
p113->p120 [label="!g", fontcolor=black, color=blue];
p120 [label="# 120\n<(!b+!a+!c+!e+!f)>", fontcolor=black, color=blue];
p120->p57 [label="!a", fontcolor=black, color=blue];
p120->p89 [label="!b", fontcolor=black, color=blue];
p120->p105 [label="!c", fontcolor=black, color=blue];
p120->p117 [label="!e", fontcolor=black, color=blue];
p120->p119 [label="!f", fontcolor=black, color=blue];
p0->p121 [label="!e", fontcolor=black, color=blue];
p121 [label="# 121\n<(!b+!a+!c+!d+!f+!g)>", fontcolor=black, color=blue];
p121->p58 [label="!a", fontcolor=black, color=blue];
p121->p90 [label="!b", fontcolor=black, color=blue];
p121->p106 [label="!c", fontcolor=black, color=blue];
p121->p114 [label="!d", fontcolor=black, color=blue];
p121->p122 [label="!f", fontcolor=black, color=blue];
p122 [label="# 122\n<(!b+!a+!c+!d+!g)>", fontcolor=black, color=blue];
p122->p59 [label="!a", fontcolor=black, color=blue];
p122->p91 [label="!b", fontcolor=black, color=blue];
p122->p107 [label="!c", fontcolor=black, color=blue];
p122->p115 [label="!d", fontcolor=black, color=blue];
p122->p123 [label="!g", fontcolor=black, color=blue];
p123 [label="# 123\n<(!b+!a+!c+!d)>", fontcolor=black, color=blue];
p123->p60 [label="!a", fontcolor=black, color=blue];
p123->p92 [label="!b", fontcolor=black, color=blue];
p123->p108 [label="!c", fontcolor=black, color=blue];
p123->p116 [label="!d", fontcolor=black, color=blue];
p121->p124 [label="!g", fontcolor=black, color=blue];
p124 [label="# 124\n<(!b+!a+!c+!d+!f)>", fontcolor=black, color=blue];
p124->p61 [label="!a", fontcolor=black, color=blue];
p124->p93 [label="!b", fontcolor=black, color=blue];
p124->p109 [label="!c", fontcolor=black, color=blue];
p124->p117 [label="!d", fontcolor=black, color=blue];
p124->p123 [label="!f", fontcolor=black, color=blue];
p0->p125 [label="!f", fontcolor=black, color=blue];
p125 [label="# 125\n<(!b+!a+!c+!d+!e+!g)>", fontcolor=black, color=blue];
p125->p62 [label="!a", fontcolor=black, color=blue];
p125->p94 [label="!b", fontcolor=black, color=blue];
p125->p110 [label="!c", fontcolor=black, color=blue];
p125->p118 [label="!d", fontcolor=black, color=blue];
p125->p122 [label="!e", fontcolor=black, color=blue];
p125->p126 [label="!g", fontcolor=black, color=blue];
p126 [label="# 126\n<(!b+!a+!c+!d+!e)>", fontcolor=black, color=blue];
p126->p63 [label="!a", fontcolor=black, color=blue];
p126->p95 [label="!b", fontcolor=black, color=blue];
p126->p111 [label="!c", fontcolor=black, color=blue];
p126->p119 [label="!d", fontcolor=black, color=blue];
p126->p123 [label="!e", fontcolor=black, color=blue];
p0->p127 [label="!g", fontcolor=black, color=blue];
p127 [label="# 127\n<(!b+!a+!c+!d+!e+!f)>", fontcolor=black, color=blue];
p127->p64 [label="!a", fontcolor=black, color=blue];
p127->p96 [label="!b", fontcolor=black, color=blue];
p127->p112 [label="!c", fontcolor=black, color=blue];
p127->p120 [label="!d", fontcolor=black, color=blue];
p127->p124 [label="!e", fontcolor=black, color=blue];
p127->p126 [label="!f", fontcolor=black, color=blue];
}